[0m2022.02.07 15:26:48 INFO  Started: Metals version 0.10.9 in workspace 'C:\Users\jorge\Desktop\Scala\aim-labs-in-scala' for client Visual Studio Code 1.62.1.[0m
[0m2022.02.07 15:26:48 INFO  time: initialize in 0.56s[0m
[0m2022.02.07 15:26:49 WARN  Build server is not auto-connectable.[0m
Feb 07, 2022 3:26:52 PM org.eclipse.lsp4j.jsonrpc.services.GenericEndpoint notify
INFO: Unsupported notification method: $/setTrace
[0m2022.02.07 15:26:58 INFO  running 'C:\Users\jorge\AppData\Local\Coursier\cache\jvm\adopt@1.8.0-292\bin\java -Djline.terminal=jline.UnsupportedTerminal -Dsbt.log.noformat=true -Dfile.encoding=UTF-8 -jar C:\Users\jorge\AppData\Local\Temp\metals475703757402985893\sbt-launch.jar -Dbloop.export-jar-classifiers=sources bloopInstall'[0m
[0m2022.02.07 15:27:03 INFO  [info] welcome to sbt 1.5.5 (AdoptOpenJDK Java 1.8.0_292)[0m
[0m2022.02.07 15:27:07 INFO  [info] loading settings for project aim-labs-in-scala-build-build from metals.sbt ...[0m
[0m2022.02.07 15:27:07 INFO  [info] loading project definition from C:\Users\jorge\Desktop\Scala\aim-labs-in-scala\project\project[0m
[0m2022.02.07 15:27:12 INFO  [info] loading settings for project aim-labs-in-scala-build from metals.sbt ...[0m
[0m2022.02.07 15:27:12 INFO  [info] loading project definition from C:\Users\jorge\Desktop\Scala\aim-labs-in-scala\project[0m
[0m2022.02.07 15:27:17 INFO  [success] Generated .bloop\aim-labs-in-scala-build.json[0m
[0m2022.02.07 15:27:17 INFO  [success] Total time: 5 s, completed 07-Feb-2022 15:27:17[0m
[0m2022.02.07 15:27:20 INFO  [info] loading settings for project aim-labs-in-scala from build.sbt ...[0m
[0m2022.02.07 15:27:20 INFO  [info] set current project to aim-labs-in-scala (in build file:/C:/Users/jorge/Desktop/Scala/aim-labs-in-scala/)[0m
[0m2022.02.07 15:27:20 INFO  [success] Generated .bloop\aim-labs-in-scala.json[0m
[0m2022.02.07 15:27:21 INFO  [success] Generated .bloop\aim-labs-in-scala-test.json[0m
[0m2022.02.07 15:27:21 INFO  [success] Total time: 1 s, completed 07-Feb-2022 15:27:21[0m
[0m2022.02.07 15:27:21 INFO  time: ran 'sbt bloopInstall' in 22s[0m
[0m2022.02.07 15:27:21 INFO  Attempting to connect to the build server...[0m
Starting the bsp launcher for bloop...
Opening a bsp server connection with 'bsp --protocol tcp --port 18939'...
Waiting for the bsp connection to come up...
Waiting for the bsp connection to come up...
Waiting for the bsp connection to come up...
Waiting for the bsp connection to come up...
Waiting for the bsp connection to come up...
Waiting for the bsp connection to come up...
Waiting for the bsp connection to come up...
No server running at 127.0.0.1:8212, let's fire one...
Resolving ch.epfl.scala:bloop-frontend_2.12:1.4.11...
Starting bloop server at 127.0.0.1:8212...
Attempting a connection to the server...
[0m[32m[D][0m Loading 2 projects from 'c:\Users\jorge\Desktop\Scala\aim-labs-in-scala\.bloop'...
[0m[32m[D][0m Loading project from 'c:\Users\jorge\Desktop\Scala\aim-labs-in-scala\.bloop\aim-labs-in-scala-test.json'
[0m[32m[D][0m Loading project from 'c:\Users\jorge\Desktop\Scala\aim-labs-in-scala\.bloop\aim-labs-in-scala.json'
[0m[32m[D][0m Cache miss for scala instance org.scala-lang:scala-compiler:2.13.6.
[0m[32m[D][0m   => C:\Users\jorge\AppData\Local\Coursier\Cache\v1\https\repo1.maven.org\maven2\net\java\dev\jna\jna\5.3.1\jna-5.3.1.jar
[0m[32m[D][0m   => C:\Users\jorge\AppData\Local\Coursier\Cache\v1\https\repo1.maven.org\maven2\org\jline\jline\3.19.0\jline-3.19.0.jar
[0m[32m[D][0m   => C:\Users\jorge\AppData\Local\Coursier\Cache\v1\https\repo1.maven.org\maven2\org\scala-lang\scala-compiler\2.13.6\scala-compiler-2.13.6.jar
[0m[32m[D][0m   => C:\Users\jorge\AppData\Local\Coursier\Cache\v1\https\repo1.maven.org\maven2\org\scala-lang\scala-library\2.13.6\scala-library-2.13.6.jar
[0m[32m[D][0m   => C:\Users\jorge\AppData\Local\Coursier\Cache\v1\https\repo1.maven.org\maven2\org\scala-lang\scala-reflect\2.13.6\scala-reflect-2.13.6.jar
[0m[32m[D][0m Missing analysis file for project 'aim-labs-in-scala'
[0m[32m[D][0m Missing analysis file for project 'aim-labs-in-scala-test'
[0m[32m[D][0m Waiting for a connection at 127.0.0.1:18939...
The server is listening for incoming connections at tcp://127.0.0.1:18939...
Starting thread that pumps stdin and redirects it to the bsp server...
Starting thread that pumps server stdout and redirects it to the client stdout...
[0m2022.02.07 15:27:31 INFO  tracing is disabled for protocol BSP, to enable tracing of incoming and outgoing JSON messages create an empty file at C:\Users\jorge\AppData\Local\scalameta\metals\cache\bsp.trace.json[0m
[0m2022.02.07 15:27:35 INFO  Attempting to connect to the build server...[0m
Starting the bsp launcher for bloop...
Opening a bsp server connection with 'bsp --protocol tcp --port 18602'...
Waiting for the bsp connection to come up...
[0m[32m[D][0m Loading workspace settings from bloop.settings.json
[0m[32m[D][0m Waiting for a connection at 127.0.0.1:18602...
The server is listening for incoming connections at tcp://127.0.0.1:18602...
Starting thread that pumps stdin and redirects it to the bsp server...
Starting thread that pumps server stdout and redirects it to the client stdout...
[0m2022.02.07 15:27:36 INFO  tracing is disabled for protocol BSP, to enable tracing of incoming and outgoing JSON messages create an empty file at C:\Users\jorge\AppData\Local\scalameta\metals\cache\bsp.trace.json[0m
[0m2022.02.07 15:27:36 INFO  time: Connected to build server in 14s[0m
[0m2022.02.07 15:27:36 INFO  Connected to Build server: Bloop v1.4.11[0m
[0m2022.02.07 15:27:36 INFO  time: Imported build in 0.14s[0m
[0m2022.02.07 15:27:45 INFO  time: indexed workspace in 8.88s[0m
[0m2022.02.07 15:27:46 INFO  no build target: using presentation compiler with only scala-library: 2.13.6[0m
